Create CheckpointSaverHook.
Graph was finalized.
Running local_init_op.
Done running local_init_op.
Saving checkpoints for 0 into ./chkpt/elbo-CA1803_train.pkl-data_dim-332-latent_size-16-batch_size-16/model.ckpt.
Step 0, elbo bound per timestep: -20.458607
Saving checkpoints for 26 into ./chkpt/elbo-CA1803_train.pkl-data_dim-332-latent_size-16-batch_size-16/model.ckpt.
Saving checkpoints for 54 into ./chkpt/elbo-CA1803_train.pkl-data_dim-332-latent_size-16-batch_size-16/model.ckpt.
Saving checkpoints for 81 into ./chkpt/elbo-CA1803_train.pkl-data_dim-332-latent_size-16-batch_size-16/model.ckpt.
global_step/sec: 0.225597
Step 100, elbo bound per timestep: -20.074196
Saving checkpoints for 109 into ./chkpt/elbo-CA1803_train.pkl-data_dim-332-latent_size-16-batch_size-16/model.ckpt.
Saving checkpoints for 136 into ./chkpt/elbo-CA1803_train.pkl-data_dim-332-latent_size-16-batch_size-16/model.ckpt.
Saving checkpoints for 163 into ./chkpt/elbo-CA1803_train.pkl-data_dim-332-latent_size-16-batch_size-16/model.ckpt.
Saving checkpoints for 191 into ./chkpt/elbo-CA1803_train.pkl-data_dim-332-latent_size-16-batch_size-16/model.ckpt.
global_step/sec: 0.224713
Step 200, elbo bound per timestep: -18.216375
Saving checkpoints for 219 into ./chkpt/elbo-CA1803_train.pkl-data_dim-332-latent_size-16-batch_size-16/model.ckpt.
Saving checkpoints for 247 into ./chkpt/elbo-CA1803_train.pkl-data_dim-332-latent_size-16-batch_size-16/model.ckpt.
Saving checkpoints for 275 into ./chkpt/elbo-CA1803_train.pkl-data_dim-332-latent_size-16-batch_size-16/model.ckpt.
Create CheckpointSaverHook.
Graph was finalized.
Restoring parameters from ./chkpt/elbo-CA1803_train.pkl-data_dim-332-latent_size-16-batch_size-16/model.ckpt-275
Running local_init_op.
Done running local_init_op.
Saving checkpoints for 275 into ./chkpt/elbo-CA1803_train.pkl-data_dim-332-latent_size-16-batch_size-16/model.ckpt.
Step 275, elbo bound per timestep: -17.540489
